<?xml version="1.0" encoding="UTF-8"?>
<testsuite name="Проверка самого раннего и самого позднего курсов по дате начала (с использованием reduce)" tests="1" skipped="0" failures="0" errors="0" timestamp="2025-11-10T13:44:12.836Z" hostname="DESKTOP-7IJK7RJ" time="22.226">
  <properties/>
  <testcase name="shouldVerifyEarliestAndLatestCourseDates()" classname="ui_tests.CourseDateTest" time="22.226"/>
  <system-out><![CDATA[>>> Дата со страницы курса (Jsoup): 27 октября, 2025
>>> Дата со страницы курса (Jsoup): 31 октября, 2025
>>> Дата со страницы курса (Jsoup): 31 октября, 2025
]]></system-out>
  <system-err><![CDATA[нояб. 10, 2025 4:44:12 PM org.openqa.selenium.remote.tracing.opentelemetry.OpenTelemetryTracer createTracer
INFO: Using OpenTelemetry for tracing
✘ Не удалось получить дату курса "": Text '' could not be parsed at index 0
✘ Не удалось получить дату курса "": Text '' could not be parsed at index 0
✘ Не удалось получить дату курса "": Text '' could not be parsed at index 0
✘ Не удалось получить дату курса "": Text '' could not be parsed at index 0
✘ Не удалось получить дату курса "": Text '' could not be parsed at index 0
✘ Не удалось получить дату курса "": Text '' could not be parsed at index 0
✘ Не удалось получить дату курса "": Text '' could not be parsed at index 0
✘ Не удалось получить дату курса "": Text '' could not be parsed at index 0
✘ Не удалось получить дату курса "": Text '' could not be parsed at index 0
✘ Не удалось получить дату курса "": Text '' could not be parsed at index 0
✘ Не удалось получить дату курса "": Text '' could not be parsed at index 0
✘ Не удалось получить дату курса "": Text '' could not be parsed at index 0
]]></system-err>
</testsuite>
