<?xml version="1.0" encoding="UTF-8"?>
<testsuite name="Проверка перехода на случайную страницу курса из предзаданных названий" tests="1" skipped="0" failures="0" errors="0" timestamp="2025-11-12T14:10:29.019Z" hostname="DESKTOP-7IJK7RJ" time="10.468">
  <properties/>
  <testcase name="randomCourseNavigation()" classname="ui_tests.CourseSearchTest" time="10.468"/>
  <system-out><![CDATA[]]></system-out>
  <system-err><![CDATA[нояб. 12, 2025 5:10:29 PM org.openqa.selenium.remote.tracing.opentelemetry.OpenTelemetryTracer createTracer
INFO: Using OpenTelemetry for tracing
]]></system-err>
</testsuite>
