<?xml version="1.0" encoding="UTF-8"?>
<testsuite name="Проверка самого раннего и самого позднего курсов по дате начала (с использованием reduce)" tests="1" skipped="0" failures="0" errors="0" timestamp="2025-11-24T19:19:50.618Z" hostname="DESKTOP-7IJK7RJ" time="47.653">
  <properties/>
  <testcase name="shouldVerifyEarliestAndLatestCourseDates()" classname="ui_tests.CourseDateTest" time="47.653"/>
  <system-out><![CDATA[]]>&#x1f50e;<![CDATA[ Всего найдено курсов: 14
— 
— Безопасность в Kubernetes
— Разработка прикладного ПО на Qt и ОС «Аврора»
— AI для разработчиков
— Unity Game Developer. Professional
— Архитектура корпорации. Togaf 10
— Внедрение и работа в DevSecOps
— DevOps практики и инструменты
— JavaScript QA Engineer
— Дизайн сетей ЦОД
— Machine Learning. Basic
— Безопасность в Kubernetes
— Разработка прикладного ПО на Qt и ОС «Аврора»
— 
✅ Курс успешно найден и кликнут: Безопасность в Kubernetes
]]>&#x1f50e;<![CDATA[ Всего найдено курсов: 14
— 
— Безопасность в Kubernetes
— Разработка прикладного ПО на Qt и ОС «Аврора»
— AI для разработчиков
— Unity Game Developer. Professional
— Архитектура корпорации. Togaf 10
— Внедрение и работа в DevSecOps
— DevOps практики и инструменты
— JavaScript QA Engineer
— Дизайн сетей ЦОД
— Machine Learning. Basic
— Безопасность в Kubernetes
— Разработка прикладного ПО на Qt и ОС «Аврора»
— 
✅ Курс успешно найден и кликнут: Архитектура корпорации. Togaf 10
]]>&#x1f50e;<![CDATA[ Всего найдено курсов: 13
— Безопасность в Kubernetes
— Разработка прикладного ПО на Qt и ОС «Аврора»
— AI для разработчиков
— Unity Game Developer. Professional
— Архитектура корпорации. Togaf 10
— Внедрение и работа в DevSecOps
— DevOps практики и инструменты
— JavaScript QA Engineer
— Дизайн сетей ЦОД
— Machine Learning. Basic
— Безопасность в Kubernetes
— Разработка прикладного ПО на Qt и ОС «Аврора»
— 
✅ Курс успешно найден и кликнут: Внедрение и работа в DevSecOps
]]>&#x1f50e;<![CDATA[ Всего найдено курсов: 14
— 
— Безопасность в Kubernetes
— Разработка прикладного ПО на Qt и ОС «Аврора»
— AI для разработчиков
— Unity Game Developer. Professional
— Архитектура корпорации. Togaf 10
— Внедрение и работа в DevSecOps
— DevOps практики и инструменты
— JavaScript QA Engineer
— Дизайн сетей ЦОД
— Machine Learning. Basic
— Безопасность в Kubernetes
— Разработка прикладного ПО на Qt и ОС «Аврора»
— 
✅ Курс успешно найден и кликнут: DevOps практики и инструменты
]]>&#x1f50e;<![CDATA[ Всего найдено курсов: 10
— Безопасность в Kubernetes
— Разработка прикладного ПО на Qt и ОС «Аврора»
— AI для разработчиков
— Unity Game Developer. Professional
— Архитектура корпорации. Togaf 10
— Внедрение и работа в DevSecOps
— DevOps практики и инструменты
— JavaScript QA Engineer
— Дизайн сетей ЦОД
— Machine Learning. Basic
✅ Курс успешно найден и кликнут: JavaScript QA Engineer
]]>&#x1f50e;<![CDATA[ Всего найдено курсов: 11
— 
— Безопасность в Kubernetes
— Разработка прикладного ПО на Qt и ОС «Аврора»
— AI для разработчиков
— Unity Game Developer. Professional
— Архитектура корпорации. Togaf 10
— Внедрение и работа в DevSecOps
— DevOps практики и инструменты
— JavaScript QA Engineer
— Дизайн сетей ЦОД
— Machine Learning. Basic
✅ Курс успешно найден и кликнут: Дизайн сетей ЦОД
]]>&#x1f50e;<![CDATA[ Всего найдено курсов: 11
— 
— Безопасность в Kubernetes
— Разработка прикладного ПО на Qt и ОС «Аврора»
— AI для разработчиков
— Unity Game Developer. Professional
— Архитектура корпорации. Togaf 10
— Внедрение и работа в DevSecOps
— DevOps практики и инструменты
— JavaScript QA Engineer
— Дизайн сетей ЦОД
— Machine Learning. Basic
✅ Курс успешно найден и кликнут: Machine Learning. Basic
]]></system-out>
  <system-err><![CDATA[Nov 24, 2025 10:19:50 PM org.openqa.selenium.remote.tracing.opentelemetry.OpenTelemetryTracer createTracer
INFO: Using OpenTelemetry for tracing
✘ Не удалось получить дату курса "": Text '' could not be parsed at index 0
✘ Не удалось получить дату курса "": Text '' could not be parsed at index 0
✘ Не удалось получить дату курса "": Text '' could not be parsed at index 0
⚠️ На странице курса отсутствует дата старта
⚠️ Курс 'Безопасность в Kubernetes' не содержит дату старта — пропускаем
✘ Не удалось получить дату курса "": Text '' could not be parsed at index 0
⚠️ На странице курса отсутствует дата старта
⚠️ Курс 'Архитектура корпорации. Togaf 10' не содержит дату старта — пропускаем
⚠️ На странице курса отсутствует дата старта
⚠️ Курс 'Внедрение и работа в DevSecOps' не содержит дату старта — пропускаем
⚠️ На странице курса отсутствует дата старта
⚠️ Курс 'DevOps практики и инструменты' не содержит дату старта — пропускаем
⚠️ На странице курса отсутствует дата старта
⚠️ Курс 'JavaScript QA Engineer' не содержит дату старта — пропускаем
⚠️ На странице курса отсутствует дата старта
⚠️ Курс 'Дизайн сетей ЦОД' не содержит дату старта — пропускаем
⚠️ На странице курса отсутствует дата старта
⚠️ Курс 'Machine Learning. Basic' не содержит дату старта — пропускаем
]]></system-err>
</testsuite>
