<?xml version="1.0" encoding="UTF-8"?>
<testsuite name="Проверка перехода на случайную страницу курса из предзаданных названий" tests="1" skipped="0" failures="0" errors="0" timestamp="2025-11-10T13:43:35.531Z" hostname="DESKTOP-7IJK7RJ" time="7.226">
  <properties/>
  <testcase name="randomCourseNavigation()" classname="ui_tests.CourseSearchTest" time="7.226"/>
  <system-out><![CDATA[]]></system-out>
  <system-err><![CDATA[нояб. 10, 2025 4:43:35 PM org.openqa.selenium.remote.tracing.opentelemetry.OpenTelemetryTracer createTracer
INFO: Using OpenTelemetry for tracing
]]></system-err>
</testsuite>
