<?xml version="1.0" encoding="UTF-8"?>
<testsuite name="Проверка перехода на случайную страницу курса из предзаданных названий" tests="1" skipped="0" failures="0" errors="0" timestamp="2025-11-09T13:27:25.764Z" hostname="DESKTOP-7IJK7RJ" time="9.928">
  <properties/>
  <testcase name="randomCourseNavigation()" classname="UITests.CourseSearchTest" time="9.928"/>
  <system-out><![CDATA[]]></system-out>
  <system-err><![CDATA[[Test worker] INFO io.github.bonigarcia.wdm.WebDriverManager - Using chromedriver 142.0.7444.61 (resolved driver for Chrome 142)
[Test worker] INFO io.github.bonigarcia.wdm.WebDriverManager - Exporting webdriver.chrome.driver as C:\Users\alexx\.cache\selenium\chromedriver\win64\142.0.7444.61\chromedriver.exe
нояб. 09, 2025 4:27:27 PM org.openqa.selenium.devtools.CdpVersionFinder findNearestMatch
WARNING: Unable to find CDP implementation matching 142
нояб. 09, 2025 4:27:27 PM org.openqa.selenium.chromium.ChromiumDriver lambda$new$5
WARNING: Unable to find version of CDP to use for 142.0.7444.60. You may need to include a dependency on a specific version of the CDP using something similar to `org.seleniumhq.selenium:selenium-devtools-v86:4.20.0` where the version ("v86") matches the version of the chromium-based browser you're using and the version number of the artifact is the same as Selenium's.
]]></system-err>
</testsuite>
